<?xml version="1.0" encoding="UTF-8"?>
<robot generator="Robot 3.2.1 (Python 3.8.4 on win32)" generated="20200731 14:08:48.437" rpa="false">
<suite id="s1" name="UKSBS" source="C:\Users\Yash\eclipse-workspace\UKSBS">
<suite id="s1-s1" name="Test" source="C:\Users\Yash\eclipse-workspace\UKSBS\Test">
<suite id="s1-s1-s1" name="TestSuite1" source="C:\Users\Yash\eclipse-workspace\UKSBS\Test\TestSuite1.robot">
<test id="s1-s1-s1-t1" name=" Login with the valid username and password">
<kw name="Open Browser" library="SeleniumLibrary" type="setup">
<doc>Opens a new browser instance to the optional ``url``.</doc>
<arguments>
<arg>${url}</arg>
<arg>${browserName}</arg>
</arguments>
<msg timestamp="20200731 14:08:48.891" level="INFO">Opening browser 'chrome' to base url 'https://apply-for-innovation-funding.service.gov.uk/'.</msg>
<status status="PASS" starttime="20200731 14:08:48.890" endtime="20200731 14:08:55.447"></status>
</kw>
<kw name="LoginKW">
<kw name="Input Text" library="SeleniumLibrary">
<doc>Types the given ``text`` into the text field identified by ``locator``.</doc>
<arguments>
<arg>${userName}</arg>
<arg>&amp;{loginDetails}[username]</arg>
</arguments>
<msg timestamp="20200731 14:08:55.459" level="WARN">Accessing variable items using '&amp;{loginDetails}[username]' syntax is deprecated. Use '${loginDetails}[username]' instead.</msg>
<msg timestamp="20200731 14:08:55.460" level="INFO">Typing text 'standard_user' into text field 'css:input[id='username']'.</msg>
<status status="PASS" starttime="20200731 14:08:55.456" endtime="20200731 14:08:55.731"></status>
</kw>
<kw name="Input Password" library="SeleniumLibrary">
<doc>Types the given password into the text field identified by ``locator``.</doc>
<arguments>
<arg>${password}</arg>
<arg>&amp;{loginDetails}[password]</arg>
</arguments>
<msg timestamp="20200731 14:08:55.733" level="WARN">Accessing variable items using '&amp;{loginDetails}[password]' syntax is deprecated. Use '${loginDetails}[password]' instead.</msg>
<msg timestamp="20200731 14:08:55.734" level="INFO">Typing password into text field 'css:input[id='password']'.</msg>
<msg timestamp="20200731 14:08:55.817" level="INFO">Temporally setting log level to: NONE</msg>
<msg timestamp="20200731 14:08:55.969" level="INFO">Log level changed from NONE to INFO.</msg>
<status status="PASS" starttime="20200731 14:08:55.731" endtime="20200731 14:08:55.970"></status>
</kw>
<kw name="Click Button" library="SeleniumLibrary">
<doc>Clicks the button identified by ``locator``.</doc>
<arguments>
<arg>${loginButton}</arg>
</arguments>
<msg timestamp="20200731 14:08:55.971" level="INFO">Clicking button 'css:button[id='sign-in-cta']'.</msg>
<status status="PASS" starttime="20200731 14:08:55.970" endtime="20200731 14:08:56.816"></status>
</kw>
<status status="PASS" starttime="20200731 14:08:55.449" endtime="20200731 14:08:56.818"></status>
</kw>
<kw name="Close Browser" library="SeleniumLibrary" type="teardown">
<doc>Closes the current browser.</doc>
<status status="PASS" starttime="20200731 14:08:56.821" endtime="20200731 14:08:59.190"></status>
</kw>
<tags>
<tag>regression</tag>
</tags>
<status status="PASS" starttime="20200731 14:08:48.887" endtime="20200731 14:08:59.190" critical="yes"></status>
</test>
<test id="s1-s1-s1-t2" name="Check that login with the blank username and password shows the validation message">
<kw name="Open Browser" library="SeleniumLibrary" type="setup">
<doc>Opens a new browser instance to the optional ``url``.</doc>
<arguments>
<arg>${url}</arg>
<arg>${browserName}</arg>
</arguments>
<msg timestamp="20200731 14:08:59.197" level="INFO">Opening browser 'chrome' to base url 'https://apply-for-innovation-funding.service.gov.uk/'.</msg>
<status status="PASS" starttime="20200731 14:08:59.194" endtime="20200731 14:09:05.718"></status>
</kw>
<kw name="Click Button" library="SeleniumLibrary">
<doc>Clicks the button identified by ``locator``.</doc>
<arguments>
<arg>${loginButton}</arg>
</arguments>
<msg timestamp="20200731 14:09:05.721" level="INFO">Clicking button 'css:button[id='sign-in-cta']'.</msg>
<status status="PASS" starttime="20200731 14:09:05.719" endtime="20200731 14:09:06.334"></status>
</kw>
<kw name="Wait Until Element Is Visible" library="SeleniumLibrary">
<doc>Waits until the element ``locator`` is visible.</doc>
<arguments>
<arg>css:div[class='govuk-error-summary']</arg>
</arguments>
<status status="PASS" starttime="20200731 14:09:06.335" endtime="20200731 14:09:06.438"></status>
</kw>
<kw name="Should Be Equal As Strings" library="BuiltIn">
<doc>Fails if objects are unequal after converting them to strings.</doc>
<arguments>
<arg>Your email/password combination doesn't seem to work</arg>
<arg>Your email/password combination doesn't seem to work hehehehehe</arg>
</arguments>
<msg timestamp="20200731 14:09:06.439" level="FAIL">Your email/password combination doesn't seem to work != Your email/password combination doesn't seem to work hehehehehe</msg>
<status status="FAIL" starttime="20200731 14:09:06.438" endtime="20200731 14:09:06.440"></status>
</kw>
<kw name="Close Browser" library="SeleniumLibrary" type="teardown">
<doc>Closes the current browser.</doc>
<status status="PASS" starttime="20200731 14:09:06.441" endtime="20200731 14:09:08.707"></status>
</kw>
<tags>
<tag>regression</tag>
</tags>
<status status="FAIL" starttime="20200731 14:08:59.192" endtime="20200731 14:09:08.708" critical="yes">Your email/password combination doesn't seem to work != Your email/password combination doesn't seem to work hehehehehe</status>
</test>
<status status="FAIL" starttime="20200731 14:08:48.533" endtime="20200731 14:09:08.710"></status>
</suite>
<status status="FAIL" starttime="20200731 14:08:48.527" endtime="20200731 14:09:08.714"></status>
</suite>
<status status="FAIL" starttime="20200731 14:08:48.491" endtime="20200731 14:09:08.718"></status>
</suite>
<statistics>
<total>
<stat pass="1" fail="1">Critical Tests</stat>
<stat pass="1" fail="1">All Tests</stat>
</total>
<tag>
<stat pass="1" fail="1">regression</stat>
</tag>
<suite>
<stat pass="1" fail="1" id="s1" name="UKSBS">UKSBS</stat>
<stat pass="1" fail="1" id="s1-s1" name="Test">UKSBS.Test</stat>
<stat pass="1" fail="1" id="s1-s1-s1" name="TestSuite1">UKSBS.Test.TestSuite1</stat>
</suite>
</statistics>
<errors>
<msg timestamp="20200731 14:08:55.459" level="WARN">Accessing variable items using '&amp;{loginDetails}[username]' syntax is deprecated. Use '${loginDetails}[username]' instead.</msg>
<msg timestamp="20200731 14:08:55.733" level="WARN">Accessing variable items using '&amp;{loginDetails}[password]' syntax is deprecated. Use '${loginDetails}[password]' instead.</msg>
</errors>
</robot>
